<?xml version="1.0" encoding="UTF-8"?>
<!-- Generated by org.testng.reporters.JUnitXMLReporter -->
<testsuite hostname="VAIO" ignored="0" name="Default test" tests="3" failures="0" timestamp="01 May 2020 18:16:10 GMT" time="38.277" errors="0">
  <testcase name="loginWithAdmin" time="0.259" classname="javaFeaturesUseInSelenium.HashMapWithTestNG"/>
  <testcase name="loginWithCustomer" time="0.272" classname="javaFeaturesUseInSelenium.HashMapWithTestNG"/>
  <testcase name="loginWithManager" time="0.271" classname="javaFeaturesUseInSelenium.HashMapWithTestNG"/>
</testsuite> <!-- Default test -->
