<?xml version="1.0" encoding="UTF-8"?>
<testng-results skipped="0" failed="0" ignored="0" total="3" passed="3">
  <reporter-output>
  </reporter-output>
  <suite name="Default suite" duration-ms="38277" started-at="2020-05-01T18:15:32Z" finished-at="2020-05-01T18:16:10Z">
    <groups>
    </groups>
    <test name="Default test" duration-ms="38277" started-at="2020-05-01T18:15:32Z" finished-at="2020-05-01T18:16:10Z">
      <class name="javaFeaturesUseInSelenium.HashMapWithTestNG">
        <test-method status="PASS" signature="login()[pri:0, instance:javaFeaturesUseInSelenium.HashMapWithTestNG@29774679]" name="login" is-config="true" duration-ms="13545" started-at="2020-05-01T18:15:32Z" finished-at="2020-05-01T18:15:45Z">
          <reporter-output>
          </reporter-output>
        </test-method> <!-- login -->
        <test-method status="PASS" signature="loginWithAdmin()[pri:0, instance:javaFeaturesUseInSelenium.HashMapWithTestNG@29774679]" name="loginWithAdmin" duration-ms="259" started-at="2020-05-01T18:15:45Z" finished-at="2020-05-01T18:15:45Z">
          <reporter-output>
          </reporter-output>
        </test-method> <!-- loginWithAdmin -->
        <test-method status="PASS" signature="login()[pri:0, instance:javaFeaturesUseInSelenium.HashMapWithTestNG@29774679]" name="login" is-config="true" duration-ms="13370" started-at="2020-05-01T18:15:45Z" finished-at="2020-05-01T18:15:59Z">
          <reporter-output>
          </reporter-output>
        </test-method> <!-- login -->
        <test-method status="PASS" signature="loginWithCustomer()[pri:0, instance:javaFeaturesUseInSelenium.HashMapWithTestNG@29774679]" name="loginWithCustomer" duration-ms="272" started-at="2020-05-01T18:15:59Z" finished-at="2020-05-01T18:15:59Z">
          <reporter-output>
          </reporter-output>
        </test-method> <!-- loginWithCustomer -->
        <test-method status="PASS" signature="login()[pri:0, instance:javaFeaturesUseInSelenium.HashMapWithTestNG@29774679]" name="login" is-config="true" duration-ms="10519" started-at="2020-05-01T18:15:59Z" finished-at="2020-05-01T18:16:10Z">
          <reporter-output>
          </reporter-output>
        </test-method> <!-- login -->
        <test-method status="PASS" signature="loginWithManager()[pri:0, instance:javaFeaturesUseInSelenium.HashMapWithTestNG@29774679]" name="loginWithManager" duration-ms="271" started-at="2020-05-01T18:16:10Z" finished-at="2020-05-01T18:16:10Z">
          <reporter-output>
          </reporter-output>
        </test-method> <!-- loginWithManager -->
      </class> <!-- javaFeaturesUseInSelenium.HashMapWithTestNG -->
    </test> <!-- Default test -->
  </suite> <!-- Default suite -->
</testng-results>
